<?xml version="1.0" encoding="UTF-8"?>
<!-- Generated by org.testng.reporters.JUnitReportReporter -->
<testsuite hostname="WINDOWS-UNR7VLH" failures="0" tests="1" name="test01.Script1" time="11.891" errors="0" timestamp="2022-10-17T12:25:57 IST" skipped="0">
  <testcase classname="test01.Script1" name="f" time="11.891"/>
  <system-out/>
</testsuite> <!-- test01.Script1 -->
