<?xml version="1.0" encoding="UTF-8"?>
<!-- Generated by org.testng.reporters.JUnitReportReporter -->
<testsuite hostname="WINDOWS-UNR7VLH" failures="0" tests="1" name="test.HotelAppTest" time="3.721" errors="0" timestamp="2022-10-20T10:56:56 IST" skipped="0">
  <testcase classname="test.HotelAppTest" name="f" time="3.721"/>
  <system-out>
    <![CDATA[This is login test]]>
  </system-out>
</testsuite> <!-- test.HotelAppTest -->
