<?xml version="1.0" encoding="UTF-8"?>
<!-- Generated by org.testng.reporters.JUnitReportReporter -->
<testsuite hostname="WINDOWS-UNR7VLH" failures="0" tests="1" name="test.SelectHotelTest" time="14.801" errors="0" timestamp="2022-10-20T10:56:56 IST" skipped="0">
  <testcase classname="test.SelectHotelTest" name="f" time="14.801"/>
  <system-out>
    <![CDATA[This is selecting hotel in specified location]]>
  </system-out>
</testsuite> <!-- test.SelectHotelTest -->
