<?xml version="1.0" encoding="UTF-8"?>
<!-- Generated by org.testng.reporters.JUnitReportReporter -->
<testsuite hostname="WINDOWS-UNR7VLH" failures="0" tests="1" name="test.HotelAppTest" time="0.003" errors="0" timestamp="2022-10-14T12:31:19 IST" skipped="0">
  <testcase classname="test.HotelAppTest" name="f" time="0.003"/>
  <system-out/>
</testsuite> <!-- test.HotelAppTest -->
